build/app/intermediates/manifest_merge_blame_file/debug/manifest-merger-blame-debug-report.txt
1<?xml version="1.0" encoding="utf-8"?>
2<manifest xmlns:android="http://schemas.android.com/apk/res/android"
3    package="com.example.finalproject"
4    android:versionCode="1"
5    android:versionName="1.0.0" >
6
7    <uses-sdk
8        android:minSdkVersion="20"
9        android:targetSdkVersion="31" />
10    <!--
11         The INTERNET permission is required for development. Specifically,
12         the Flutter tool needs it to communicate with the running application
13         to allow setting breakpoints, to provide hot reload, etc.
14    -->
15    <uses-permission android:name="android.permission.INTERNET" />
15-->src\debug\AndroidManifest.xml:7:5-66
15-->src\debug\AndroidManifest.xml:7:22-64
16    <uses-permission android:name="android.permission.ACCESS_FINE_LOCATION" />
16-->src\main\AndroidManifest.xml:4:5-79
16-->src\main\AndroidManifest.xml:4:22-76
17    <uses-permission android:name="android.permission.ACCESS_COARSE_LOCATION" />
17-->src\main\AndroidManifest.xml:5:5-81
17-->src\main\AndroidManifest.xml:5:22-78
18    <uses-permission android:name="android.permission.FOREGROUND_SERVICE" />
18-->[:geolocator_android] AndroidManifest.xml:9:5-77
18-->[:geolocator_android] AndroidManifest.xml:9:22-74
19    <uses-permission android:name="android.permission.ACCESS_NETWORK_STATE" />
19-->[com.google.firebase:firebase-auth:21.1.0] AndroidManifest.xml:24:5-79
19-->[com.google.firebase:firebase-auth:21.1.0] AndroidManifest.xml:24:22-76
20    <uses-permission android:name="android.permission.WAKE_LOCK" />
20-->[com.google.android.gms:play-services-measurement-api:21.2.0] AndroidManifest.xml:24:5-68
20-->[com.google.android.gms:play-services-measurement-api:21.2.0] AndroidManifest.xml:24:22-65
21    <uses-permission android:name="com.google.android.gms.permission.AD_ID" />
21-->[com.google.android.gms:play-services-measurement-api:21.2.0] AndroidManifest.xml:25:5-79
21-->[com.google.android.gms:play-services-measurement-api:21.2.0] AndroidManifest.xml:25:22-76
22
23    <uses-feature
23-->[com.google.android.gms:play-services-maps:18.1.0] AndroidManifest.xml:26:5-28:35
24        android:glEsVersion="0x00020000"
24-->[com.google.android.gms:play-services-maps:18.1.0] AndroidManifest.xml:27:9-41
25        android:required="true" />
25-->[com.google.android.gms:play-services-maps:18.1.0] AndroidManifest.xml:28:9-32
26
27    <queries>
27-->[com.google.android.gms:play-services-maps:18.1.0] AndroidManifest.xml:30:5-34:15
28
29        <!-- Needs to be explicitly declared on Android R+ -->
30        <package android:name="com.google.android.apps.maps" />
30-->[com.google.android.gms:play-services-maps:18.1.0] AndroidManifest.xml:33:9-64
30-->[com.google.android.gms:play-services-maps:18.1.0] AndroidManifest.xml:33:18-61
31    </queries>
32
33    <uses-permission android:name="com.google.android.finsky.permission.BIND_GET_INSTALL_REFERRER_SERVICE" />
33-->[com.google.android.gms:play-services-measurement:21.2.0] AndroidManifest.xml:26:5-110
33-->[com.google.android.gms:play-services-measurement:21.2.0] AndroidManifest.xml:26:22-107
34
35    <application
36        android:name="android.app.Application"
37        android:appComponentFactory="androidx.core.app.CoreComponentFactory"
37-->[androidx.core:core:1.8.0] AndroidManifest.xml:24:18-86
38        android:debuggable="true"
39        android:icon="@mipmap/ic_launcher"
40        android:label="finalproject" >
41        <meta-data
42            android:name="com.google.android.geo.API_KEY"
43            android:value="AIzaSyC9iE-sKFlD1_1OctdF6ixRzSFj8lCoJS4" />
44
45        <activity
46            android:name="com.example.finalproject.MainActivity"
47            android:configChanges="orientation|keyboardHidden|keyboard|screenSize|smallestScreenSize|locale|layoutDirection|fontScale|screenLayout|density|uiMode"
48            android:exported="true"
49            android:hardwareAccelerated="true"
50            android:launchMode="singleTop"
51            android:theme="@style/LaunchTheme"
52            android:windowSoftInputMode="adjustResize" >
53
54            <!--
55                 Specifies an Android theme to apply to this Activity as soon as
56                 the Android process has started. This theme is visible to the user
57                 while the Flutter UI initializes. After that, this theme continues
58                 to determine the Window background behind the Flutter UI.
59            -->
60            <meta-data
61                android:name="io.flutter.embedding.android.NormalTheme"
62                android:resource="@style/NormalTheme" />
63
64            <intent-filter>
65                <action android:name="android.intent.action.MAIN" />
66
67                <category android:name="android.intent.category.LAUNCHER" />
68            </intent-filter>
69        </activity>
70        <!--
71             Don't delete the meta-data below.
72             This is used by the Flutter tool to generate GeneratedPluginRegistrant.java
73        -->
74        <meta-data
75            android:name="flutterEmbedding"
76            android:value="2" />
77
78        <service
78-->[:firebase_auth] AndroidManifest.xml:10:9-14:19
79            android:name="com.google.firebase.components.ComponentDiscoveryService"
79-->[:firebase_auth] AndroidManifest.xml:10:18-89
80            android:directBootAware="true"
80-->[com.google.firebase:firebase-common:20.2.0] AndroidManifest.xml:34:13-43
81            android:exported="false" >
81-->[com.google.firebase:firebase-auth:21.1.0] AndroidManifest.xml:66:13-37
82            <meta-data
82-->[:firebase_auth] AndroidManifest.xml:11:13-13:85
83                android:name="com.google.firebase.components:io.flutter.plugins.firebase.auth.FlutterFirebaseAuthRegistrar"
83-->[:firebase_auth] AndroidManifest.xml:12:17-124
84                android:value="com.google.firebase.components.ComponentRegistrar" />
84-->[:firebase_auth] AndroidManifest.xml:13:17-82
85            <meta-data
85-->[:cloud_firestore] AndroidManifest.xml:11:13-13:85
86                android:name="com.google.firebase.components:io.flutter.plugins.firebase.firestore.FlutterFirebaseFirestoreRegistrar"
86-->[:cloud_firestore] AndroidManifest.xml:12:17-134
87                android:value="com.google.firebase.components.ComponentRegistrar" />
87-->[:cloud_firestore] AndroidManifest.xml:13:17-82
88            <meta-data
88-->[:firebase_core] AndroidManifest.xml:11:13-13:85
89                android:name="com.google.firebase.components:io.flutter.plugins.firebase.core.FlutterFirebaseCoreRegistrar"
89-->[:firebase_core] AndroidManifest.xml:12:17-124
90                android:value="com.google.firebase.components.ComponentRegistrar" />
90-->[:firebase_core] AndroidManifest.xml:13:17-82
91            <meta-data
91-->[com.google.firebase:firebase-auth:21.1.0] AndroidManifest.xml:67:13-69:85
92                android:name="com.google.firebase.components:com.google.firebase.auth.FirebaseAuthRegistrar"
92-->[com.google.firebase:firebase-auth:21.1.0] AndroidManifest.xml:68:17-109
93                android:value="com.google.firebase.components.ComponentRegistrar" />
93-->[com.google.firebase:firebase-auth:21.1.0] AndroidManifest.xml:69:17-82
94            <meta-data
94-->[com.google.firebase:firebase-firestore:24.4.1] AndroidManifest.xml:19:13-21:85
95                android:name="com.google.firebase.components:com.google.firebase.firestore.FirestoreRegistrar"
95-->[com.google.firebase:firebase-firestore:24.4.1] AndroidManifest.xml:20:17-111
96                android:value="com.google.firebase.components.ComponentRegistrar" />
96-->[com.google.firebase:firebase-firestore:24.4.1] AndroidManifest.xml:21:17-82
97            <meta-data
97-->[com.google.android.gms:play-services-measurement-api:21.2.0] AndroidManifest.xml:31:13-33:85
98                android:name="com.google.firebase.components:com.google.firebase.analytics.connector.internal.AnalyticsConnectorRegistrar"
98-->[com.google.android.gms:play-services-measurement-api:21.2.0] AndroidManifest.xml:32:17-139
99                android:value="com.google.firebase.components.ComponentRegistrar" />
99-->[com.google.android.gms:play-services-measurement-api:21.2.0] AndroidManifest.xml:33:17-82
100            <meta-data
100-->[com.google.firebase:firebase-installations:17.1.0] AndroidManifest.xml:17:13-19:85
101                android:name="com.google.firebase.components:com.google.firebase.installations.FirebaseInstallationsRegistrar"
101-->[com.google.firebase:firebase-installations:17.1.0] AndroidManifest.xml:18:17-127
102                android:value="com.google.firebase.components.ComponentRegistrar" />
102-->[com.google.firebase:firebase-installations:17.1.0] AndroidManifest.xml:19:17-82
103        </service>
104        <service
104-->[:geolocator_android] AndroidManifest.xml:12:9-16:56
105            android:name="com.baseflow.geolocator.GeolocatorLocationService"
105-->[:geolocator_android] AndroidManifest.xml:13:13-77
106            android:enabled="true"
106-->[:geolocator_android] AndroidManifest.xml:14:13-35
107            android:exported="false"
107-->[:geolocator_android] AndroidManifest.xml:15:13-37
108            android:foregroundServiceType="location" />
108-->[:geolocator_android] AndroidManifest.xml:16:13-53
109
110        <uses-library
110-->[androidx.window:window:1.0.0-beta04] AndroidManifest.xml:25:9-27:40
111            android:name="androidx.window.extensions"
111-->[androidx.window:window:1.0.0-beta04] AndroidManifest.xml:26:13-54
112            android:required="false" />
112-->[androidx.window:window:1.0.0-beta04] AndroidManifest.xml:27:13-37
113        <uses-library
113-->[androidx.window:window:1.0.0-beta04] AndroidManifest.xml:28:9-30:40
114            android:name="androidx.window.sidecar"
114-->[androidx.window:window:1.0.0-beta04] AndroidManifest.xml:29:13-51
115            android:required="false" />
115-->[androidx.window:window:1.0.0-beta04] AndroidManifest.xml:30:13-37
116
117        <activity
117-->[com.google.firebase:firebase-auth:21.1.0] AndroidManifest.xml:27:9-44:20
118            android:name="com.google.firebase.auth.internal.GenericIdpActivity"
118-->[com.google.firebase:firebase-auth:21.1.0] AndroidManifest.xml:28:13-80
119            android:excludeFromRecents="true"
119-->[com.google.firebase:firebase-auth:21.1.0] AndroidManifest.xml:29:13-46
120            android:exported="true"
120-->[com.google.firebase:firebase-auth:21.1.0] AndroidManifest.xml:30:13-36
121            android:launchMode="singleTask"
121-->[com.google.firebase:firebase-auth:21.1.0] AndroidManifest.xml:31:13-44
122            android:theme="@android:style/Theme.Translucent.NoTitleBar" >
122-->[com.google.firebase:firebase-auth:21.1.0] AndroidManifest.xml:32:13-72
123            <intent-filter>
123-->[com.google.firebase:firebase-auth:21.1.0] AndroidManifest.xml:33:13-43:29
124                <action android:name="android.intent.action.VIEW" />
124-->[com.google.firebase:firebase-auth:21.1.0] AndroidManifest.xml:34:17-69
124-->[com.google.firebase:firebase-auth:21.1.0] AndroidManifest.xml:34:25-66
125
126                <category android:name="android.intent.category.DEFAULT" />
126-->[com.google.firebase:firebase-auth:21.1.0] AndroidManifest.xml:36:17-76
126-->[com.google.firebase:firebase-auth:21.1.0] AndroidManifest.xml:36:27-73
127                <category android:name="android.intent.category.BROWSABLE" />
127-->[com.google.firebase:firebase-auth:21.1.0] AndroidManifest.xml:37:17-78
127-->[com.google.firebase:firebase-auth:21.1.0] AndroidManifest.xml:37:27-75
128
129                <data
129-->[com.google.firebase:firebase-auth:21.1.0] AndroidManifest.xml:39:17-42:51
130                    android:host="firebase.auth"
130-->[com.google.firebase:firebase-auth:21.1.0] AndroidManifest.xml:40:21-49
131                    android:path="/"
131-->[com.google.firebase:firebase-auth:21.1.0] AndroidManifest.xml:41:21-37
132                    android:scheme="genericidp" />
132-->[com.google.firebase:firebase-auth:21.1.0] AndroidManifest.xml:42:21-48
133            </intent-filter>
134        </activity>
135        <activity
135-->[com.google.firebase:firebase-auth:21.1.0] AndroidManifest.xml:45:9-62:20
136            android:name="com.google.firebase.auth.internal.RecaptchaActivity"
136-->[com.google.firebase:firebase-auth:21.1.0] AndroidManifest.xml:46:13-79
137            android:excludeFromRecents="true"
137-->[com.google.firebase:firebase-auth:21.1.0] AndroidManifest.xml:47:13-46
138            android:exported="true"
138-->[com.google.firebase:firebase-auth:21.1.0] AndroidManifest.xml:48:13-36
139            android:launchMode="singleTask"
139-->[com.google.firebase:firebase-auth:21.1.0] AndroidManifest.xml:49:13-44
140            android:theme="@android:style/Theme.Translucent.NoTitleBar" >
140-->[com.google.firebase:firebase-auth:21.1.0] AndroidManifest.xml:50:13-72
141            <intent-filter>
141-->[com.google.firebase:firebase-auth:21.1.0] AndroidManifest.xml:51:13-61:29
142                <action android:name="android.intent.action.VIEW" />
142-->[com.google.firebase:firebase-auth:21.1.0] AndroidManifest.xml:34:17-69
142-->[com.google.firebase:firebase-auth:21.1.0] AndroidManifest.xml:34:25-66
143
144                <category android:name="android.intent.category.DEFAULT" />
144-->[com.google.firebase:firebase-auth:21.1.0] AndroidManifest.xml:36:17-76
144-->[com.google.firebase:firebase-auth:21.1.0] AndroidManifest.xml:36:27-73
145                <category android:name="android.intent.category.BROWSABLE" />
145-->[com.google.firebase:firebase-auth:21.1.0] AndroidManifest.xml:37:17-78
145-->[com.google.firebase:firebase-auth:21.1.0] AndroidManifest.xml:37:27-75
146
147                <data
147-->[com.google.firebase:firebase-auth:21.1.0] AndroidManifest.xml:39:17-42:51
148                    android:host="firebase.auth"
148-->[com.google.firebase:firebase-auth:21.1.0] AndroidManifest.xml:40:21-49
149                    android:path="/"
149-->[com.google.firebase:firebase-auth:21.1.0] AndroidManifest.xml:41:21-37
150                    android:scheme="recaptcha" />
150-->[com.google.firebase:firebase-auth:21.1.0] AndroidManifest.xml:42:21-48
151            </intent-filter>
152        </activity>
153
154        <provider
154-->[com.google.firebase:firebase-common:20.2.0] AndroidManifest.xml:25:9-30:39
155            android:name="com.google.firebase.provider.FirebaseInitProvider"
155-->[com.google.firebase:firebase-common:20.2.0] AndroidManifest.xml:26:13-77
156            android:authorities="com.example.finalproject.firebaseinitprovider"
156-->[com.google.firebase:firebase-common:20.2.0] AndroidManifest.xml:27:13-72
157            android:directBootAware="true"
157-->[com.google.firebase:firebase-common:20.2.0] AndroidManifest.xml:28:13-43
158            android:exported="false"
158-->[com.google.firebase:firebase-common:20.2.0] AndroidManifest.xml:29:13-37
159            android:initOrder="100" /> <!-- Needs to be explicitly declared on P+ -->
159-->[com.google.firebase:firebase-common:20.2.0] AndroidManifest.xml:30:13-36
160        <uses-library
160-->[com.google.android.gms:play-services-maps:18.1.0] AndroidManifest.xml:39:9-41:40
161            android:name="org.apache.http.legacy"
161-->[com.google.android.gms:play-services-maps:18.1.0] AndroidManifest.xml:40:13-50
162            android:required="false" />
162-->[com.google.android.gms:play-services-maps:18.1.0] AndroidManifest.xml:41:13-37
163
164        <receiver
164-->[com.google.android.gms:play-services-measurement:21.2.0] AndroidManifest.xml:29:9-33:20
165            android:name="com.google.android.gms.measurement.AppMeasurementReceiver"
165-->[com.google.android.gms:play-services-measurement:21.2.0] AndroidManifest.xml:30:13-85
166            android:enabled="true"
166-->[com.google.android.gms:play-services-measurement:21.2.0] AndroidManifest.xml:31:13-35
167            android:exported="false" >
167-->[com.google.android.gms:play-services-measurement:21.2.0] AndroidManifest.xml:32:13-37
168        </receiver>
169
170        <service
170-->[com.google.android.gms:play-services-measurement:21.2.0] AndroidManifest.xml:35:9-38:40
171            android:name="com.google.android.gms.measurement.AppMeasurementService"
171-->[com.google.android.gms:play-services-measurement:21.2.0] AndroidManifest.xml:36:13-84
172            android:enabled="true"
172-->[com.google.android.gms:play-services-measurement:21.2.0] AndroidManifest.xml:37:13-35
173            android:exported="false" />
173-->[com.google.android.gms:play-services-measurement:21.2.0] AndroidManifest.xml:38:13-37
174        <service
174-->[com.google.android.gms:play-services-measurement:21.2.0] AndroidManifest.xml:39:9-43:72
175            android:name="com.google.android.gms.measurement.AppMeasurementJobService"
175-->[com.google.android.gms:play-services-measurement:21.2.0] AndroidManifest.xml:40:13-87
176            android:enabled="true"
176-->[com.google.android.gms:play-services-measurement:21.2.0] AndroidManifest.xml:41:13-35
177            android:exported="false"
177-->[com.google.android.gms:play-services-measurement:21.2.0] AndroidManifest.xml:42:13-37
178            android:permission="android.permission.BIND_JOB_SERVICE" />
178-->[com.google.android.gms:play-services-measurement:21.2.0] AndroidManifest.xml:43:13-69
179
180        <activity
180-->[com.google.android.gms:play-services-base:18.0.1] AndroidManifest.xml:20:9-22:45
181            android:name="com.google.android.gms.common.api.GoogleApiActivity"
181-->[com.google.android.gms:play-services-base:18.0.1] AndroidManifest.xml:20:19-85
182            android:exported="false"
182-->[com.google.android.gms:play-services-base:18.0.1] AndroidManifest.xml:22:19-43
183            android:theme="@android:style/Theme.Translucent.NoTitleBar" />
183-->[com.google.android.gms:play-services-base:18.0.1] AndroidManifest.xml:21:19-78
184
185        <meta-data
185-->[com.google.android.gms:play-services-basement:18.1.0] AndroidManifest.xml:21:9-23:69
186            android:name="com.google.android.gms.version"
186-->[com.google.android.gms:play-services-basement:18.1.0] AndroidManifest.xml:22:13-58
187            android:value="@integer/google_play_services_version" />
187-->[com.google.android.gms:play-services-basement:18.1.0] AndroidManifest.xml:23:13-66
188    </application>
189
190</manifest>